Processing  german00158_a893b36c7d7f574a2bd137dffde8dc4b
	Total of opinions with different scope in the tag file: 12
	Total of skipped opinions: 0
	Total of opinion triples generated: 12
Processing  german00135_eebe80375b642fea8e9cddc2dffde307
	Total of opinions with different scope in the tag file: 8
	Total of skipped opinions: 0
	Total of opinion triples generated: 13
Processing  german00208_e5eacfd113e19329d8d47db182c3b972
	Total of opinions with different scope in the tag file: 8
	Total of skipped opinions: 0
	Total of opinion triples generated: 9
Processing  german00038_3f58eed358b141ec356da09667264806
	Total of opinions with different scope in the tag file: 4
	Total of skipped opinions: 0
	Total of opinion triples generated: 7
Processing  german00222_f53ca80f0e72db5aa99463da79790003
	Total of opinions with different scope in the tag file: 11
	Total of skipped opinions: 0
	Total of opinion triples generated: 11
Processing  german00136_eec08101947c445d0d939156e94c4f3c
	Discarded  	/home/izquierdo/data/opinion_annotations_de/tag/hotel/german00136_eec08101947c445d0d939156e94c4f3c.tag opinion id:11
		OpinionHolder	Unser
		OpinionTarget	Empfang
		none    	empfanden
		OpinionHolder	wir
		Positive	als
		Positive	herzlich
		none    	und
		Positive	freundlich

	Total of opinions with different scope in the tag file: 8
	Total of skipped opinions: 1
	Total of opinion triples generated: 14
Processing  german00099_692f86f2e2ae8341f8879c3366b974c4
	Total of opinions with different scope in the tag file: 4
	Total of skipped opinions: 0
	Total of opinion triples generated: 5
Processing  german00181_c6014f62f5e91db1073572724fff8a29
	 TAG file not found on  /home/izquierdo/data/opinion_annotations_de/tag/hotel/german00181_c6014f62f5e91db1073572724fff8a29.tag
Processing  german00154_a7438591ca3541d5569af22ac53717aa
	Total of opinions with different scope in the tag file: 10
	Total of skipped opinions: 0
	Total of opinion triples generated: 13
Processing  german00030_245f9b3fcb0679e4ceb74953e5097696
	Total of opinions with different scope in the tag file: 10
	Total of skipped opinions: 0
	Total of opinion triples generated: 14
Processing  german00135_92d9a4b314b3c16683f9743fa8eb8cf5
	Total of opinions with different scope in the tag file: 8
	Total of skipped opinions: 0
	Total of opinion triples generated: 12
Processing  german00137_eeddb31cdd142dd7dfdc4e0a7324878f
	Total of opinions with different scope in the tag file: 10
	Total of skipped opinions: 0
	Total of opinion triples generated: 17
Processing  german00210_e69de909fd1eb6d96c7bf6220ef65998
	Total of opinions with different scope in the tag file: 17
	Total of skipped opinions: 0
	Total of opinion triples generated: 19
Processing  german00120_cf9059392b7013496625733940982bdd
	Total of opinions with different scope in the tag file: 7
	Total of skipped opinions: 0
	Total of opinion triples generated: 11
Processing  german00220_f487cdace6cf84f487bb68b86e6e2977
	Discarded  	/home/izquierdo/data/opinion_annotations_de/tag/hotel/german00220_f487cdace6cf84f487bb68b86e6e2977.tag opinion id:52
		none    	Eine
		StrongPositive	riesige
		OpinionTarget	Badewanne
		Positive	mit
		Positive	Blick
		Positive	auf
		none    	die
		Positive	eigene
		OpinionTarget	Aussendusche

	Total of opinions with different scope in the tag file: 11
	Total of skipped opinions: 1
	Total of opinion triples generated: 12
Processing  german00183_c78d0bcba09550118c8d38655e91cc93
	Total of opinions with different scope in the tag file: 9
	Total of skipped opinions: 0
	Total of opinion triples generated: 9
Processing  german00044_34453eeb96d5beac7a8381da5aaac909
	Total of opinions with different scope in the tag file: 12
	Total of skipped opinions: 0
	Total of opinion triples generated: 16
Processing  german00106_6f7354286f208aa6bac590188a742ea9
	Total of opinions with different scope in the tag file: 10
	Total of skipped opinions: 0
	Total of opinion triples generated: 18
Processing  german00089_8bce1545dda409a8cb5237c32f6969a4
	Total of opinions with different scope in the tag file: 11
	Total of skipped opinions: 0
	Total of opinion triples generated: 13
Processing  german00033_3aa26995a27ea6dd6b1d3c16824e3183
	Total of opinions with different scope in the tag file: 7
	Total of skipped opinions: 0
	Total of opinion triples generated: 12
Processing  german00127_8c97e817c5e97d6fc212ce50b8ad97a2
	Total of opinions with different scope in the tag file: 11
	Total of skipped opinions: 0
	Total of opinion triples generated: 14
Processing  german00178_c20125cd1cc8c37fc6731222b575230f
	Total of opinions with different scope in the tag file: 6
	Total of skipped opinions: 0
	Total of opinion triples generated: 17
Processing  german00017_1df1cb2e499b472d5f1e7cc267fe1fa8
	Total of opinions with different scope in the tag file: 4
	Total of skipped opinions: 0
	Total of opinion triples generated: 8
Processing  german00066_4602a585563f56a71a966492f3a7745f
	Total of opinions with different scope in the tag file: 9
	Total of skipped opinions: 0
	Total of opinion triples generated: 23
Processing  german00077_7ff14092b1b4f6a3806c23253cdeaa11
	Total of opinions with different scope in the tag file: 6
	Total of skipped opinions: 0
	Total of opinion triples generated: 12
Processing  german00054_5583f8d63f8510810855850328d8d61d
	Total of opinions with different scope in the tag file: 5
	Total of skipped opinions: 0
	Total of opinion triples generated: 10
Processing  german00041_46156bad6954b044e8c8f9cbfb6db58d
	Total of opinions with different scope in the tag file: 4
	Total of skipped opinions: 0
	Total of opinion triples generated: 4
Processing  german00099_a304ea2714735d0574e210457ebf6316
	Total of opinions with different scope in the tag file: 5
	Total of skipped opinions: 0
	Total of opinion triples generated: 9
Processing  german00004_06ee9e6f2a8d128a45ab020eedd5584d
	Total of opinions with different scope in the tag file: 3
	Total of skipped opinions: 0
	Total of opinion triples generated: 3
Processing  german00134_910fc4601402a7ec05ba38ecc36796b1
	Total of opinions with different scope in the tag file: 7
	Total of skipped opinions: 0
	Total of opinion triples generated: 14
Processing  german00177_c182ee4f98d64285fd33502c9683b2fa
	Total of opinions with different scope in the tag file: 9
	Total of skipped opinions: 0
	Total of opinion triples generated: 11
Processing  german00119_cc056623826a53f9d393ac5258f4cc75
	Total of opinions with different scope in the tag file: 19
	Total of skipped opinions: 0
	Total of opinion triples generated: 20
Processing  german00067_469c4ae277251aeff7c38ab4268a95d3
	Total of opinions with different scope in the tag file: 3
	Total of skipped opinions: 0
	Total of opinion triples generated: 5
Processing  german00129_8ebe5314d7707b4cef5fa5933d72ce2e
	Total of opinions with different scope in the tag file: 7
	Total of skipped opinions: 0
	Total of opinion triples generated: 8
Processing  german00075_7e30b6c137e88e815eacd8ccc799a6f4
	Total of opinions with different scope in the tag file: 8
	Total of skipped opinions: 0
	Total of opinion triples generated: 11
Processing  german00001_012b76813d99d07edaacb9edb13280cd
	Total of opinions with different scope in the tag file: 7
	Total of skipped opinions: 0
	Total of opinion triples generated: 9
Processing  german00100_69c0db1882849db3e54e12237c982621
	Total of opinions with different scope in the tag file: 12
	Total of skipped opinions: 0
	Total of opinion triples generated: 18
Processing  german00096_9fae205070cf47d1ad2951c9e4166ed8
	Total of opinions with different scope in the tag file: 8
	Total of skipped opinions: 0
	Total of opinion triples generated: 12
Processing  german00021_21386978ef5059c1a7ea32b3fbade0bf
	Total of opinions with different scope in the tag file: 5
	Total of skipped opinions: 0
	Total of opinion triples generated: 6
Processing  german00019_1ee780406890c5897be588a94af50494
	Total of opinions with different scope in the tag file: 8
	Total of skipped opinions: 0
	Total of opinion triples generated: 11
Processing  german00030_38c987a31217df8bb050159497d5a53c
	Total of opinions with different scope in the tag file: 6
	Total of skipped opinions: 0
	Total of opinion triples generated: 8
Processing  german00008_11e587c6cd6d0a8cac66e66de6d43c9c
	Total of opinions with different scope in the tag file: 10
	Total of skipped opinions: 0
	Total of opinion triples generated: 23
Processing  german00031_3961c11cd6d9bf57eb70c31ff55ec8c3
	Discarded  	/home/izquierdo/data/opinion_annotations_de/tag/hotel/german00031_3961c11cd6d9bf57eb70c31ff55ec8c3.tag opinion id:25
		none    	bei
		none    	den
		OpinionTarget	Weingläsern
		Negative	machte
		Negative	sich
		Negative	eine
		Negative	Spinnwebe
		Negative	breit
		none    	,
		OpinionTarget	die
		OpinionTarget	Bedienung
		none    	hat
		none    	das
		Negative	nicht
		Negative	gestört

	Total of opinions with different scope in the tag file: 7
	Total of skipped opinions: 1
	Total of opinion triples generated: 6
Processing  german00068_4742e1505a2afe6b95fc06e0e9281851
	Total of opinions with different scope in the tag file: 9
	Total of skipped opinions: 0
	Total of opinion triples generated: 12
Processing  german00032_2666d81329d90a11f4668e15113861d4
	Total of opinions with different scope in the tag file: 5
	Total of skipped opinions: 0
	Total of opinion triples generated: 8
Processing  german00095_6691228c8394d16b5e9667833308cefa
	Total of opinions with different scope in the tag file: 7
	Total of skipped opinions: 0
	Total of opinion triples generated: 10
Processing  german00020_207726a804b8b5d08967bdfa37846f5c
	Total of opinions with different scope in the tag file: 4
	Total of skipped opinions: 0
	Total of opinion triples generated: 4
Processing  german00088_89f20f10eafc2ce578736a99a4870cbf
	Total of opinions with different scope in the tag file: 4
	Total of skipped opinions: 0
	Total of opinion triples generated: 7
Processing  german00013_17d71cbbc4d65ee996a562a4be4f485a
	Total of opinions with different scope in the tag file: 3
	Total of skipped opinions: 0
	Total of opinion triples generated: 3
Processing  german00016_11540ca6074253590731bcc06f41976f
	Total of opinions with different scope in the tag file: 7
	Total of skipped opinions: 0
	Total of opinion triples generated: 10
Processing  german00185_c9d3baf2635452ea9faac5f73d31e0ea
	Total of opinions with different scope in the tag file: 16
	Total of skipped opinions: 0
	Total of opinion triples generated: 21
Processing  german00045_4ae7f4c1cdf38341baefa53021667a89
	Total of opinions with different scope in the tag file: 6
	Total of skipped opinions: 0
	Total of opinion triples generated: 9
Processing  german00082_86041571733641d16eb59c899223fe7e
	Total of opinions with different scope in the tag file: 11
	Total of skipped opinions: 0
	Total of opinion triples generated: 17
Processing  german00197_d697db238dfcc7fe07f004b0eb9dd52a
	Total of opinions with different scope in the tag file: 9
	Total of skipped opinions: 0
	Total of opinion triples generated: 9
Processing  german00113_79733df9b104d62dd112cbdd0f7ed280
	Total of opinions with different scope in the tag file: 4
	Total of skipped opinions: 0
	Total of opinion triples generated: 6
Processing  german00146_fad2051d79a338a3c5b3b9d36e8023fa
	Total of opinions with different scope in the tag file: 6
	Total of skipped opinions: 0
	Total of opinion triples generated: 10
Processing  german00179_c244bcdc11252b9155062951113aaa3c
	Total of opinions with different scope in the tag file: 6
	Total of skipped opinions: 0
	Total of opinion triples generated: 7
Processing  german00150_fd84066259fc7c9daeb0110c82a896b5
	Total of opinions with different scope in the tag file: 5
	Total of skipped opinions: 0
	Total of opinion triples generated: 7
Processing  german00009_0bc186c9e78ae4aa5cdb6ce956d93e2e
	Total of opinions with different scope in the tag file: 11
	Total of skipped opinions: 0
	Total of opinion triples generated: 17
Processing  german00064_4501a28151eef532a8e59f98fd7bd367
	Discarded  	/home/izquierdo/data/opinion_annotations_de/tag/hotel/german00064_4501a28151eef532a8e59f98fd7bd367.tag opinion id:50
		OpinionTarget	Die
		OpinionTarget	Zimmer
		none    	sind
		none    	leider
		Negative	etwas
		Negative	laut
		none    	,
		none    	da
		OpinionTarget	sie
		Negative	direkt
		Negative	an
		Negative	einer
		Negative	4
		Negative	spurigen
		Negative	Straße
		none    	liegt

	Total of opinions with different scope in the tag file: 12
	Total of skipped opinions: 1
	Total of opinion triples generated: 18
Processing  german00162_ad5387d2879bb995774be1229ded5a00
	Total of opinions with different scope in the tag file: 5
	Total of skipped opinions: 0
	Total of opinion triples generated: 6
Processing  german00060_623030438c36fa5e38d7550a569fda7f
	Total of opinions with different scope in the tag file: 6
	Total of skipped opinions: 0
	Total of opinion triples generated: 6
Processing  german00155_a789cf6788d72ff2218ca715da5834f8
	Total of opinions with different scope in the tag file: 9
	Total of skipped opinions: 0
	Total of opinion triples generated: 10
Processing  german00002_02a54038111555928960b3c9d67e4049
	Total of opinions with different scope in the tag file: 7
	Total of skipped opinions: 0
	Total of opinion triples generated: 10
Processing  german00005_0b5ef7e9cb43dd80e651ae56024cd720
	Total of opinions with different scope in the tag file: 9
	Total of skipped opinions: 0
	Total of opinion triples generated: 15
Processing  german00022_2239bd8e4cca25e410d81525a46a4833
	Total of opinions with different scope in the tag file: 8
	Total of skipped opinions: 0
	Total of opinion triples generated: 11
Processing  german00070_4b123b20f6c057ab69c1962297c8c5d0
	Total of opinions with different scope in the tag file: 5
	Total of skipped opinions: 0
	Total of opinion triples generated: 6
Processing  german00067_6f2f98c6b96907512a3281ced49253c1
	Total of opinions with different scope in the tag file: 7
	Total of skipped opinions: 0
	Total of opinion triples generated: 10
Processing  german00121_82989e50c2a678a072ebbcfc7b9939fa
	Total of opinions with different scope in the tag file: 10
	Total of skipped opinions: 0
	Total of opinion triples generated: 13
Processing  german00014_17e5accef7a630d9dea33f4ea0dc2176
	Total of opinions with different scope in the tag file: 2
	Total of skipped opinions: 0
	Total of opinion triples generated: 3
Processing  german00058_59cbddd177f42d7e4ca452178e3a72da
	Total of opinions with different scope in the tag file: 7
	Total of skipped opinions: 0
	Total of opinion triples generated: 7
Processing  german00087_88e054d7d859d36a79fe23b08e6373b1
	Total of opinions with different scope in the tag file: 3
	Total of skipped opinions: 0
	Total of opinion triples generated: 3
Processing  german00016_1c9d5f0fee6bd100d15de6bf6022e99f
	Total of opinions with different scope in the tag file: 3
	Total of skipped opinions: 0
	Total of opinion triples generated: 3
Processing  german00153_a64884c50eb8029fe91427ceb6ad4334
	Total of opinions with different scope in the tag file: 11
	Total of skipped opinions: 0
	Total of opinion triples generated: 15
Processing  german00079_54edf54e078479f2394d5c776d423917
	Total of opinions with different scope in the tag file: 3
	Total of skipped opinions: 0
	Total of opinion triples generated: 5
Processing  german00013_0eceda90e7be5f3952793a429139710e
	Total of opinions with different scope in the tag file: 7
	Total of skipped opinions: 0
	Total of opinion triples generated: 10
Processing  german00114_c60120eb22c309f53c866794add27c17
	Total of opinions with different scope in the tag file: 7
	Total of skipped opinions: 0
	Total of opinion triples generated: 11
Processing  german00027_2aecc2b4b1318227aaa5b50798aa3033
	Total of opinions with different scope in the tag file: 10
	Total of skipped opinions: 0
	Total of opinion triples generated: 15
Processing  german00072_747c0e5a68a2aceab303a47f938f06d1
	Total of opinions with different scope in the tag file: 10
	Total of skipped opinions: 0
	Total of opinion triples generated: 13
Processing  german00042_31cfa7683e4de917ba0138c83b736202
	Discarded  	/home/izquierdo/data/opinion_annotations_de/tag/hotel/german00042_31cfa7683e4de917ba0138c83b736202.tag opinion id:16
		Negative	Minuspunkt
		none    	,
		none    	den
		OpinionHolder	wir
		none    	hatten
		none    	und
		none    	den
		OpinionHolder	wir
		none    	am
		none    	letzten
		none    	Tag
		none    	bei
		none    	der
		none    	Restaurantchefin
		none    	angebracht
		none    	haben
		none    	ist
		none    	>
		none    	>
		none    	>
		none    	dass
		OpinionTarget	der
		OpinionTarget	Mitarbeiter
		none    	der
		Negative	in
		Negative	der
		Negative	Frühstückszeit
		Negative	mit
		Negative	dem
		Negative	Laubmotorbläser
		Negative	den
		Negative	Tennisplatz
		Negative	reinigt
		Negative	auch
		Negative	einen
		Negative	Besen
		Negative	benutzen
		Negative	könnte

	Total of opinions with different scope in the tag file: 6
	Total of skipped opinions: 1
	Total of opinion triples generated: 7
Processing  german00056_3fe9ef3dfa426feb0d7b8c9d57d7d069
	Total of opinions with different scope in the tag file: 7
	Total of skipped opinions: 0
	Total of opinion triples generated: 10
Processing  german00095_95de0c2eb3478311c50e5a843c49c531
	Total of opinions with different scope in the tag file: 6
	Total of skipped opinions: 0
	Total of opinion triples generated: 9
Processing  german00090_5e0f965894bd9d0735080d34dfe29f3e
	Total of opinions with different scope in the tag file: 12
	Total of skipped opinions: 0
	Total of opinion triples generated: 12
Processing  german00101_6a02669d1cbae5b9b7b8a0fdce9cb3dc
	Total of opinions with different scope in the tag file: 15
	Total of skipped opinions: 0
	Total of opinion triples generated: 21
Processing  german00227_fabc7f74005840538afdedce9c070a1a
	Total of opinions with different scope in the tag file: 18
	Total of skipped opinions: 0
	Total of opinion triples generated: 22
Processing  german00045_34861fd2256637cc62cc1c4fed6e804a
	Total of opinions with different scope in the tag file: 8
	Total of skipped opinions: 0
	Total of opinion triples generated: 11
Processing  german00012_16b61c9b61c01d2a1cdc4ed372d385d2
	Total of opinions with different scope in the tag file: 5
	Total of skipped opinions: 0
	Total of opinion triples generated: 9
Processing  german00088_5d0c0aab03be35e3440e098b1c959f1e
	Total of opinions with different scope in the tag file: 9
	Total of skipped opinions: 0
	Total of opinion triples generated: 15
Processing  german00105_6e27f4d7fe031e55600f38e3349be836
	Total of opinions with different scope in the tag file: 7
	Total of skipped opinions: 0
	Total of opinion triples generated: 9
Processing  german00116_c81a510696d92c134bbbe5bfd5141bb5
	Total of opinions with different scope in the tag file: 4
	Total of skipped opinions: 0
	Total of opinion triples generated: 5
Processing  german00090_8e8d2bd07d07aeba3907987373a377c1
	Total of opinions with different scope in the tag file: 6
	Total of skipped opinions: 0
	Total of opinion triples generated: 7
Processing  german00123_d75377af5323a149c4e64c50f182fe90
	Total of opinions with different scope in the tag file: 8
	Total of skipped opinions: 0
	Total of opinion triples generated: 9
Processing  german00012_0e8f652899329034893d909fdd643353
	Total of opinions with different scope in the tag file: 12
	Total of skipped opinions: 0
	Total of opinion triples generated: 14
Processing  german00021_1aa2534be2e28b8674fcd766545a0bca
	Total of opinions with different scope in the tag file: 8
	Total of skipped opinions: 0
	Total of opinion triples generated: 11
Processing  german00187_cc077f3c51fabb7bee9efdbc474477ea
	Discarded  	/home/izquierdo/data/opinion_annotations_de/tag/hotel/german00187_cc077f3c51fabb7bee9efdbc474477ea.tag opinion id:25
		Positive	Viele
		OpinionTarget	Restaurants
		none    	und
		OpinionTarget	Cafés
		Positive	in
		Positive	der
		Positive	unmittelbarer
		Positive	Nähe

	Total of opinions with different scope in the tag file: 16
	Total of skipped opinions: 1
	Total of opinion triples generated: 20
Processing  german00129_df90c894339f01a80802faf3cc73cd2e
	Total of opinions with different scope in the tag file: 14
	Total of skipped opinions: 0
	Total of opinion triples generated: 16
Processing  german00166_b28370dfe76ada8f430797d718ed4b83
	Total of opinions with different scope in the tag file: 7
	Total of skipped opinions: 0
	Total of opinion triples generated: 9
Processing  german00081_56e56511a7e29abfa4454957bfc9243e
	Total of opinions with different scope in the tag file: 9
	Total of skipped opinions: 0
	Total of opinion triples generated: 13
Processing  german00010_0ca7389f6e85fe5445bfe79ebe36483b
	Total of opinions with different scope in the tag file: 14
	Total of skipped opinions: 0
	Total of opinion triples generated: 18
Processing  german00103_ab1914b5d4715e00b999bd7ceb02510a
	Total of opinions with different scope in the tag file: 5
	Total of skipped opinions: 0
	Total of opinion triples generated: 7
Processing  german00212_e774bbdbf6979621ae5a6bbe940bb260
	Total of opinions with different scope in the tag file: 13
	Total of skipped opinions: 0
	Total of opinion triples generated: 13
Processing  german00024_26ca464a04b68b0685aac641d24f4318
	Total of opinions with different scope in the tag file: 5
	Total of skipped opinions: 0
	Total of opinion triples generated: 6
Processing  german00225_f7cb79d987333ef40fea9323f4779ee7
	Total of opinions with different scope in the tag file: 5
	Total of skipped opinions: 0
	Total of opinion triples generated: 7
Processing  german00150_a16b25e80ef353c48c7806a49af922f0
	Total of opinions with different scope in the tag file: 8
	Total of skipped opinions: 0
	Total of opinion triples generated: 16
Processing  german00005_06fd79f5a1009cbc3b144920b6f98941
	Discarded  	/home/izquierdo/data/opinion_annotations_de/tag/hotel/german00005_06fd79f5a1009cbc3b144920b6f98941.tag opinion id:14
		OpinionTarget	das
		OpinionTarget	Zimmer
		Positive	auch
		OpinionTarget	das
		OpinionTarget	Bad
		Positive	mehr
		Positive	als
		Positive	ok

	Total of opinions with different scope in the tag file: 12
	Total of skipped opinions: 1
	Total of opinion triples generated: 15
Processing  german00111_78b617d53e555b633956740c47e9fc36
	Total of opinions with different scope in the tag file: 6
	Total of skipped opinions: 0
	Total of opinion triples generated: 7
Processing  german00216_ebee939aa6df8236deb74c40bc2c77de
	Total of opinions with different scope in the tag file: 6
	Total of skipped opinions: 0
	Total of opinion triples generated: 9
Processing  german00014_101807727c89e5c99c6fd7bb71f75403
	Discarded  	/home/izquierdo/data/opinion_annotations_de/tag/hotel/german00014_101807727c89e5c99c6fd7bb71f75403.tag opinion id:25
		none    	Unter
		none    	meinem
		OpinionTarget	Kissenbezug
		Negative	waren
		Negative	Haare
		none    	und
		OpinionTarget	die
		OpinionTarget	decke
		none    	hatte
		Negative	gelbe
		Negative	Flecken

	Discarded  	/home/izquierdo/data/opinion_annotations_de/tag/hotel/german00014_101807727c89e5c99c6fd7bb71f75403.tag opinion id:20
		OpinionHolder	Wir
		none    	müssten
		none    	ca.
		Negative	10
		Negative	min
		Negative	bis
		Negative	zu
		none    	unserem
		OpinionTarget	Zimmer
		Negative	laufen
		none    	,
		none    	da
		OpinionTarget	das
		OpinionTarget	Hotel
		Negative	ein
		Negative	Labyrinth
		none    	ist

	Total of opinions with different scope in the tag file: 10
	Total of skipped opinions: 2
	Total of opinion triples generated: 9
Processing  german00141_f627eeaf73b43051604bdf9fee20f33f
	Discarded  	/home/izquierdo/data/opinion_annotations_de/tag/hotel/german00141_f627eeaf73b43051604bdf9fee20f33f.tag opinion id:13
		OpinionTarget	Das
		OpinionTarget	Hotel
		none    	hat
		none    	eine
		StrongPositive	sehr
		StrongPositive	schöne
		Positive	ruhige
		OpinionTarget	Lage

	Total of opinions with different scope in the tag file: 7
	Total of skipped opinions: 1
	Total of opinion triples generated: 8
Processing  german00168_b6347c06ef29dab2902919ca8ddb19e3
	Total of opinions with different scope in the tag file: 12
	Total of skipped opinions: 0
	Total of opinion triples generated: 16
Processing  german00106_b3a22bf0a2674c581ba21805293e5d22
	Total of opinions with different scope in the tag file: 12
	Total of skipped opinions: 0
	Total of opinion triples generated: 13
Processing  german00091_8fc95c9f277de9b41feb621a490106b3
	Total of opinions with different scope in the tag file: 4
	Total of skipped opinions: 0
	Total of opinion triples generated: 5
Processing  german00110_bbd8b60fffedcd1b4c7951a0bacbb071
	Total of opinions with different scope in the tag file: 7
	Total of skipped opinions: 0
	Total of opinion triples generated: 13
Processing  german00046_4f35648dac5251f196b9abe79a49b9f0
	Discarded  	/home/izquierdo/data/opinion_annotations_de/tag/hotel/german00046_4f35648dac5251f196b9abe79a49b9f0.tag opinion id:20
		StrongPositive	Sehr
		StrongPositive	großzügiges
		OpinionTarget	Haupttreppenhaus
		none    	,
		OpinionTarget	Rezeption
		none    	,
		OpinionTarget	Frühstücksraum
		none    	sind
		Positive	nach
		Positive	Wiener
		Positive	Chic
		Positive	eingerichtet

	Total of opinions with different scope in the tag file: 16
	Total of skipped opinions: 1
	Total of opinion triples generated: 19
Processing  german00218_ed941f775747003d69d005c948e52b5c
	Total of opinions with different scope in the tag file: 9
	Total of skipped opinions: 0
	Total of opinion triples generated: 11
Processing  german00011_15b3813521cac009005d3e92b20ad987
	Total of opinions with different scope in the tag file: 7
	Total of skipped opinions: 0
	Total of opinion triples generated: 12
Processing  german00125_884e5d06decdfc3a8294c5b287514f03
	Total of opinions with different scope in the tag file: 6
	Total of skipped opinions: 0
	Total of opinion triples generated: 7
Processing  german00142_99bc47b09ff32c3fae91ac7b7fbf54e9
	Total of opinions with different scope in the tag file: 11
	Total of skipped opinions: 0
	Total of opinion triples generated: 16
Processing  german00110_747947543e10797918a2d9fbd74c5fe0
	Total of opinions with different scope in the tag file: 5
	Total of skipped opinions: 0
	Total of opinion triples generated: 7
Processing  german00051_3c4a76bff976cd9a9828eb9e0496060d
	Total of opinions with different scope in the tag file: 10
	Total of skipped opinions: 0
	Total of opinion triples generated: 12
Processing  german00053_3da546974bb5e10318ca90f6480b6db4
	Total of opinions with different scope in the tag file: 4
	Total of skipped opinions: 0
	Total of opinion triples generated: 6
Processing  german00138_93b35ccc5783440d3f14c470c93031eb
	Total of opinions with different scope in the tag file: 2
	Total of skipped opinions: 0
	Total of opinion triples generated: 3
Processing  german00039_409321d01956822919874d165cfd0a02
	Total of opinions with different scope in the tag file: 5
	Total of skipped opinions: 0
	Total of opinion triples generated: 8
Processing  german00176_c0435d29044e7fd2d763cb896edc8669
	Total of opinions with different scope in the tag file: 8
	Total of skipped opinions: 0
	Total of opinion triples generated: 12
Processing  german00145_9c62bed7905f6803d5fa32ce3213dd4f
	Total of opinions with different scope in the tag file: 14
	Total of skipped opinions: 0
	Total of opinion triples generated: 21
Processing  german00075_52ba23cca5cd528ba0740f6119a5bc7d
	Total of opinions with different scope in the tag file: 7
	Total of skipped opinions: 0
	Total of opinion triples generated: 11
Processing  german00097_6886621ca8519f091778f691a9cf4322
	Total of opinions with different scope in the tag file: 7
	Total of skipped opinions: 0
	Total of opinion triples generated: 9
Processing  german00043_333092e72ab15bb7903b48472ed44d89
	Total of opinions with different scope in the tag file: 13
	Total of skipped opinions: 0
	Total of opinion triples generated: 14
Processing  german00092_624c7fb5d904a3e9807cdbaf2100038a
	Total of opinions with different scope in the tag file: 5
	Total of skipped opinions: 0
	Total of opinion triples generated: 5
Processing  german00029_244df6a6126de410d7e33656c8a53c2b
	Discarded  	/home/izquierdo/data/opinion_annotations_de/tag/hotel/german00029_244df6a6126de410d7e33656c8a53c2b.tag opinion id:26
		none    	ist
		none    	die
		OpinionTarget	Sauberkeit
		none    	(
		none    	Besteck
		none    	,
		none    	Teller
		none    	,
		none    	Tassen
		none    	)
		none    	;
		OpinionTarget	Die
		none    	habe
		OpinionTarget	ich
		Negative	leider
		Negative	mit
		Negative	heissem
		Negative	Wasser
		Negative	der
		Negative	Kaffeemaschine
		Negative	abgespült
		none    	;
		OpinionTarget	Meine
		OpinionTarget	Reklamation
		none    	wurde
		Negative	entweder
		Negative	ignoriert
		none    	,
		none    	oder
		Negative	mangels
		Negative	Sprachkenntnisse
		none    	(
		none    	englisch
		none    	)
		none    	nicht
		none    	als
		none    	solche
		none    	erkannt

	Discarded  	/home/izquierdo/data/opinion_annotations_de/tag/hotel/german00029_244df6a6126de410d7e33656c8a53c2b.tag opinion id:17
		OpinionTarget	Sauberkeit
		none    	war
		none    	bei
		none    	meinem
		none    	Aufenthalt
		StrongNegative	sehr
		StrongNegative	schlecht
		none    	:
		OpinionTarget	Badezimmer
		none    	mit
		Negative	typischen
		Negative	roten
		Negative	Kalk
		none    	·
		none    	/
		Negative	Schimmelflecken
		none    	;
		OpinionTarget	Reste
		OpinionTarget	der
		OpinionTarget	Vorgäste
		none    	fanden
		none    	sich
		Negative	unter
		Negative	dem
		Negative	Bett

	Total of opinions with different scope in the tag file: 8
	Total of skipped opinions: 2
	Total of opinion triples generated: 8
Processing  german00189_cd1d0c726e4be333cdaeb0cf7906ade1
	Total of opinions with different scope in the tag file: 11
	Total of skipped opinions: 0
	Total of opinion triples generated: 16
Processing  german00101_a46d90563132e3698496f2e3b0ce5df8
	Total of opinions with different scope in the tag file: 11
	Total of skipped opinions: 0
	Total of opinion triples generated: 16
Processing  german00055_3e41e894200a0f6407e57507f9179461
	Discarded  	/home/izquierdo/data/opinion_annotations_de/tag/hotel/german00055_3e41e894200a0f6407e57507f9179461.tag opinion id:17
		OpinionTarget	Das
		OpinionTarget	Hotel
		none    	ist
		StrongPositive	sehr
		StrongPositive	schön
		none    	und
		none    	weißt
		none    	die
		Positive	gute
		Positive	Qualität
		OpinionTarget	der
		OpinionTarget	Mövenpick
		none    	·
		none    	Gruppe
		none    	auf

	Discarded  	/home/izquierdo/data/opinion_annotations_de/tag/hotel/german00055_3e41e894200a0f6407e57507f9179461.tag opinion id:30
		none    	Wenn
		none    	man
		OpinionTarget	das
		OpinionTarget	Foyer
		none    	betritt
		Positive	blitzt
		none    	und
		Positive	blinkt
		none    	alles
		none    	·
		StrongPositive	Überdurchschnittliche
		OpinionTarget	Sauberkeit

	Total of opinions with different scope in the tag file: 14
	Total of skipped opinions: 2
	Total of opinion triples generated: 17
Processing  german00065_459d0d22a8fc88a7b11fc32021d894bb
	Total of opinions with different scope in the tag file: 7
	Total of skipped opinions: 0
	Total of opinion triples generated: 13
Processing  german00115_7a2304bf9c48c38b7af712411c512a74
	Total of opinions with different scope in the tag file: 5
	Total of skipped opinions: 0
	Total of opinion triples generated: 7
Processing  german00128_df7d57fe8a43d6c860fa9ad2bd864bcd
	Total of opinions with different scope in the tag file: 12
	Total of skipped opinions: 0
	Total of opinion triples generated: 14
Processing  german00149_a15767ab876ce96935327dd8a3f5a155
	Total of opinions with different scope in the tag file: 4
	Total of skipped opinions: 0
	Total of opinion triples generated: 7
Processing  german00025_1f8fbbbfffcd74461caa5cc6bdc35c10
	Discarded  	/home/izquierdo/data/opinion_annotations_de/tag/hotel/german00025_1f8fbbbfffcd74461caa5cc6bdc35c10.tag opinion id:16
		OpinionTarget	Fleisch
		Negative	oft
		Negative	kalt
		none    	,
		OpinionTarget	geschmortes
		OpinionTarget	Fleisch
		none    	regelmaessig
		Negative	mit
		Negative	einer
		Negative	"
		Negative	Einheitssauce
		Negative	"
		Negative	versehen
		none    	,
		OpinionTarget	Fisch
		none    	mitunter
		Negative	sehr
		Negative	trocken

	Total of opinions with different scope in the tag file: 12
	Total of skipped opinions: 1
	Total of opinion triples generated: 19
Processing  german00058_4082e5774f2bffe8daf26ee5fbbefe41
	Discarded  	/home/izquierdo/data/opinion_annotations_de/tag/hotel/german00058_4082e5774f2bffe8daf26ee5fbbefe41.tag opinion id:7
		OpinionTarget	Das
		OpinionTarget	Hotel
		none    	ist
		none    	ein
		Negative	kleines
		none    	aber
		Positive	feines
		OpinionTarget	Hotel

	Total of opinions with different scope in the tag file: 12
	Total of skipped opinions: 1
	Total of opinion triples generated: 14
Processing  german00085_5b5b32e9ad4a638f82b708d3253697b7
	Total of opinions with different scope in the tag file: 8
	Total of skipped opinions: 0
	Total of opinion triples generated: 17
Processing  german00230_fdd0c3f44d2456eba1de0dbf1884239b
	Total of opinions with different scope in the tag file: 8
	Total of skipped opinions: 0
	Total of opinion triples generated: 9
Processing  german00060_4111d34b5e537ea9cb387a1dc8c633a4
	Total of opinions with different scope in the tag file: 6
	Total of skipped opinions: 0
	Total of opinion triples generated: 10
Processing  german00161_aa17c6b6a78aa42c6aa5b60353971e27
	Total of opinions with different scope in the tag file: 7
	Total of skipped opinions: 0
	Total of opinion triples generated: 9
Processing  german00152_a3b9efb5f3e6cd78aac95b6f5f316662
	Total of opinions with different scope in the tag file: 8
	Total of skipped opinions: 0
	Total of opinion triples generated: 9
Processing  german00019_163c960391b779cc92b87b8d13346068
	Total of opinions with different scope in the tag file: 6
	Total of skipped opinions: 0
	Total of opinion triples generated: 7
Processing  german00142_f64ff91f3240e3906a57cd4658213677
	Total of opinions with different scope in the tag file: 5
	Total of skipped opinions: 0
	Total of opinion triples generated: 5
Processing  german00074_52b7651b12df57f4351dbe471d6cc916
	Total of opinions with different scope in the tag file: 10
	Total of skipped opinions: 0
	Total of opinion triples generated: 14
Processing  german00180_c5e38372d56cecc900286b8ee86ce930
	Total of opinions with different scope in the tag file: 7
	Total of skipped opinions: 0
	Total of opinion triples generated: 9
Processing  german00133_90d0e1fddda966024ba8d7a7a6863d94
	Total of opinions with different scope in the tag file: 7
	Total of skipped opinions: 0
	Total of opinion triples generated: 10
Processing  german00215_eae2480ef09bd1ba03ec2d7fcde3d0c0
	Total of opinions with different scope in the tag file: 5
	Total of skipped opinions: 0
	Total of opinion triples generated: 6
Processing  german00034_3aefe333d6557517c757f9ed0f8fb6b3
	Discarded  	/home/izquierdo/data/opinion_annotations_de/tag/hotel/german00034_3aefe333d6557517c757f9ed0f8fb6b3.tag opinion id:10
		OpinionTarget	Das
		OpinionTarget	Hotel
		none    	ist
		none    	als
		none    	Hotel
		none    	garni
		none    	für
		none    	eine
		none    	Städtereise
		none    	aufgrund
		none    	seiner
		Positive	verkehrsgünstigen
		OpinionTarget	Lage
		none    	und
		none    	seiner
		Positive	Ausstattung
		StrongPositive	sehr
		StrongPositive	zu
		StrongPositive	empfehlen

	Total of opinions with different scope in the tag file: 5
	Total of skipped opinions: 1
	Total of opinion triples generated: 6
Processing  german00027_21c9d6cdca737623e42205dcb58dbe46
	Total of opinions with different scope in the tag file: 9
	Total of skipped opinions: 0
	Total of opinion triples generated: 11
Processing  german00035_2a9b6fb8c6fa5da76221dcb43fab4c41
	Total of opinions with different scope in the tag file: 10
	Total of skipped opinions: 0
	Total of opinion triples generated: 18
Processing  german00136_93133a95c8ac061c4973e5b0e6ea583b
	Total of opinions with different scope in the tag file: 7
	Total of skipped opinions: 0
	Total of opinion triples generated: 9
Processing  german00083_866e114a0cc9ce6f8eeffc1c3af0968c
	Total of opinions with different scope in the tag file: 7
	Total of skipped opinions: 0
	Total of opinion triples generated: 10
Processing  german00124_86565eaab932ec2ff340a7026cb64c9c
	Total of opinions with different scope in the tag file: 12
	Total of skipped opinions: 0
	Total of opinion triples generated: 16
Processing  german00228_fb6b9b8cc79c81a75ca5b5f538d45450
	Discarded  	/home/izquierdo/data/opinion_annotations_de/tag/hotel/german00228_fb6b9b8cc79c81a75ca5b5f538d45450.tag opinion id:37
		Positive	es
		Positive	gibt
		OpinionTarget	Spiegel
		none    	·
		none    	und
		OpinionTarget	Rühreier
		OpinionTarget	mit
		OpinionTarget	Schinken
		none    	und
		none    	/
		none    	oder
		OpinionTarget	Bratwürstchen
		none    	,
		Positive	frische
		OpinionTarget	Brötchen
		none    	,
		OpinionTarget	Kaffee
		none    	und
		OpinionTarget	Tee
		none    	und
		OpinionTarget	vieles
		OpinionTarget	mehr

	Total of opinions with different scope in the tag file: 6
	Total of skipped opinions: 1
	Total of opinion triples generated: 6
Processing  german00164_b1dd9bbc302e70431dadd541d761d1c0
	Total of opinions with different scope in the tag file: 5
	Total of skipped opinions: 0
	Total of opinion triples generated: 6
Processing  german00213_e917f032104caee59da4dd07aa7af53b
	Total of opinions with different scope in the tag file: 9
	Total of skipped opinions: 0
	Total of opinion triples generated: 11
Processing  german00204_e1a39472ed92259cdf10d5bc6298d37a
	Total of opinions with different scope in the tag file: 11
	Total of skipped opinions: 0
	Total of opinion triples generated: 13
Processing  german00117_c9fb4f6a2e4d9a8afffe824c56576901
	Total of opinions with different scope in the tag file: 14
	Total of skipped opinions: 0
	Total of opinion triples generated: 19
Processing  german00121_cfb2a2cf1317af0d1765b7ecd611158d
	Total of opinions with different scope in the tag file: 5
	Total of skipped opinions: 0
	Total of opinion triples generated: 8
Processing  german00160_a9c78357129aae0da8597ab44e3e22e1
	Total of opinions with different scope in the tag file: 6
	Total of skipped opinions: 0
	Total of opinion triples generated: 6
Processing  german00080_83fe7e0eb7823d604aca6d6fe28227c7
	Total of opinions with different scope in the tag file: 10
	Total of skipped opinions: 0
	Total of opinion triples generated: 13
Processing  german00195_d3f18173e3028b4bd07fd20bf9a67373
	Total of opinions with different scope in the tag file: 12
	Total of skipped opinions: 0
	Total of opinion triples generated: 15
Processing  german00063_44341c1e9e54e2630c9804f83be73247
	Discarded  	/home/izquierdo/data/opinion_annotations_de/tag/hotel/german00063_44341c1e9e54e2630c9804f83be73247.tag opinion id:19
		OpinionTarget	Das
		OpinionTarget	MGM
		none    	ist
		Positive	mehr
		Positive	eine
		Positive	eigene
		Positive	Stadt
		Positive	als
		Positive	ein
		Positive	Hotel
		none    	,
		OpinionTarget	hier
		Positive	gibt
		Positive	es
		Positive	wirklich
		Positive	alles
		Positive	was
		Positive	man
		Positive	benötigt

	Total of opinions with different scope in the tag file: 5
	Total of skipped opinions: 1
	Total of opinion triples generated: 8
Processing  german00159_a8be992a13bde6abe524569658e3ac3c
	Total of opinions with different scope in the tag file: 12
	Total of skipped opinions: 0
	Total of opinion triples generated: 20
Processing  german00223_f556548e203089966c363670eaaf5b1c
	Total of opinions with different scope in the tag file: 14
	Total of skipped opinions: 0
	Total of opinion triples generated: 17
Processing  german00108_b5d7b3b31f20dfef1413101afc7c3fa3
	Total of opinions with different scope in the tag file: 5
	Total of skipped opinions: 0
	Total of opinion triples generated: 7
Processing  german00034_289eba67690832e4dc4ff5948b2416e1
	Total of opinions with different scope in the tag file: 5
	Total of skipped opinions: 0
	Total of opinion triples generated: 7
Processing  german00153_ff319ef4156c4bf028d19fb8a1294110
	Total of opinions with different scope in the tag file: 4
	Total of skipped opinions: 0
	Total of opinion triples generated: 5
Processing  german00022_1bbc4169d56134f1df274546e21adb95
	Total of opinions with different scope in the tag file: 3
	Total of skipped opinions: 0
	Total of opinion triples generated: 5
Processing  german00018_1e6d38c8d5d0c8926353249f89b66015
	Total of opinions with different scope in the tag file: 5
	Total of skipped opinions: 0
	Total of opinion triples generated: 5
Processing  german00198_d83a9a91c94c5ffed02ecfc0a14052ee
	Total of opinions with different scope in the tag file: 11
	Total of skipped opinions: 0
	Total of opinion triples generated: 20
Processing  german00131_e6d0c405bce30e53709f2b09301d9ed0
	Total of opinions with different scope in the tag file: 6
	Total of skipped opinions: 0
	Total of opinion triples generated: 7
Processing  german00102_a9e4bdc5b97b94db503d3bcf62862b54
	Total of opinions with different scope in the tag file: 10
	Total of skipped opinions: 0
	Total of opinion triples generated: 17
Processing  german00144_9be88d22f8b5959c03bf7f4b6d748998
	Total of opinions with different scope in the tag file: 7
	Total of skipped opinions: 0
	Total of opinion triples generated: 12
Processing  german00147_9f762ef77218055d3be658ed40936d3b
	Total of opinions with different scope in the tag file: 12
	Total of skipped opinions: 0
	Total of opinion triples generated: 21
Processing  german00184_c7f0c782ae67f3e877d103659d42bab9
	Total of opinions with different scope in the tag file: 19
	Total of skipped opinions: 0
	Total of opinion triples generated: 25
Processing  german00048_39ad63a58b13984c3031eadc07281cfe
	Discarded  	/home/izquierdo/data/opinion_annotations_de/tag/hotel/german00048_39ad63a58b13984c3031eadc07281cfe.tag opinion id:65
		OpinionTarget	Das
		OpinionTarget	Minibad
		none    	hatte
		Negative	Jugendherbergsniveau
		none    	(
		Negative	billigste
		Negative	Baumarktware
		none    	,
		Negative	Grösse
		Negative	ca.2
		Negative	qm
		none    	,
		Negative	keinerlei
		OpinionTarget	Ablagemöglichkeit

	Total of opinions with different scope in the tag file: 22
	Total of skipped opinions: 1
	Total of opinion triples generated: 23
Processing  german00084_5ae6ef80dccc16490ee86101f1d61fcc
	Total of opinions with different scope in the tag file: 5
	Total of skipped opinions: 0
	Total of opinion triples generated: 7
Processing  german00209_e6581b3fc0c5d69e3631e74e4db16759
	Total of opinions with different scope in the tag file: 3
	Total of skipped opinions: 0
	Total of opinion triples generated: 3
Processing  german00049_52aa0e60bd3757c4799f293f9dc44d92
	Total of opinions with different scope in the tag file: 7
	Total of skipped opinions: 0
	Total of opinion triples generated: 9
Processing  german00006_07520818b5e4c43427eaacaf3bd2f2d2
	Total of opinions with different scope in the tag file: 10
	Total of skipped opinions: 0
	Total of opinion triples generated: 12
Processing  german00096_67fa64ca34a109d6bcd00dbc4946811b
	Total of opinions with different scope in the tag file: 8
	Total of skipped opinions: 0
	Total of opinion triples generated: 9
Processing  german00143_9a1bd10f93e10ae17ecf9d8e6766ce3c
	Total of opinions with different scope in the tag file: 12
	Total of skipped opinions: 0
	Total of opinion triples generated: 17
Processing  german00134_eceb4b8f4775e478ef44db6cb752ee15
	Total of opinions with different scope in the tag file: 5
	Total of skipped opinions: 0
	Total of opinion triples generated: 8
Processing  german00025_299df8251e112c98586709bcd10f09af
	Total of opinions with different scope in the tag file: 4
	Total of skipped opinions: 0
	Total of opinion triples generated: 6
Processing  german00069_7014240856975675dd973133dad3f649
	Total of opinions with different scope in the tag file: 9
	Total of skipped opinions: 0
	Total of opinion triples generated: 12
Processing  german00031_25deee631f9544f3f683ef744e153ef4
	Discarded  	/home/izquierdo/data/opinion_annotations_de/tag/hotel/german00031_25deee631f9544f3f683ef744e153ef4.tag opinion id:17
		OpinionTarget	Sie
		Positive	sind
		Positive	sauber
		none    	,
		Negative	was
		Negative	man
		Negative	von
		none    	den
		OpinionTarget	Tischen
		OpinionTarget	der
		OpinionTarget	Restaurants
		Negative	nicht
		Negative	immer
		Negative	behaupten
		Negative	kann

	Total of opinions with different scope in the tag file: 6
	Total of skipped opinions: 1
	Total of opinion triples generated: 8
Processing  german00151_a3aeec06d3ae6a47d90eae9d10dd9979
	Total of opinions with different scope in the tag file: 11
	Total of skipped opinions: 0
	Total of opinion triples generated: 12
Processing  german00114_79a7a025633e12b0adbeb3932f07aa70
	Total of opinions with different scope in the tag file: 6
	Total of skipped opinions: 0
	Total of opinion triples generated: 8
Processing  german00071_70d4ba90e10a4a47ee2715092d2f899e
	Total of opinions with different scope in the tag file: 7
	Total of skipped opinions: 0
	Total of opinion triples generated: 7
Processing  german00098_690868d4d85591a77f14d45957b81ff2
	Total of opinions with different scope in the tag file: 6
	Total of skipped opinions: 0
	Total of opinion triples generated: 7
Processing  german00200_db81a30338c4e0a1daa0468bf3838ac5
	Total of opinions with different scope in the tag file: 11
	Total of skipped opinions: 0
	Total of opinion triples generated: 14
Processing  german00107_6fb5705ace5f21c042dd98c31601916c
	Total of opinions with different scope in the tag file: 9
	Total of skipped opinions: 0
	Total of opinion triples generated: 10
Processing  german00111_bc8100f292ef6a67c72e430b8732c489
	Total of opinions with different scope in the tag file: 8
	Total of skipped opinions: 0
	Total of opinion triples generated: 11
Processing  german00028_2271acfc988ce1986e8784fa0d68bdd6
	Total of opinions with different scope in the tag file: 7
	Total of skipped opinions: 0
	Total of opinion triples generated: 12
Processing  german00132_905f72af2ac2ff58686ecde700b5b230
	Total of opinions with different scope in the tag file: 13
	Total of skipped opinions: 0
	Total of opinion triples generated: 15
Processing  german00211_e76e8c83b2cc5f3e74ae415761f14fed
	Total of opinions with different scope in the tag file: 4
	Total of skipped opinions: 0
	Total of opinion triples generated: 6
Processing  german00047_381bfb00b9f5072f4956edde3aa51a6b
	Discarded  	/home/izquierdo/data/opinion_annotations_de/tag/hotel/german00047_381bfb00b9f5072f4956edde3aa51a6b.tag opinion id:14
		OpinionTarget	Die
		OpinionTarget	Zimmer
		none    	waren
		StrongPositive	aussreichend
		StrongPositive	groß
		none    	und
		OpinionTarget	es
		none    	wurde
		StrongPositive	jeden
		StrongPositive	Tag
		StrongPositive	gründlich
		StrongPositive	gereinigt

	Total of opinions with different scope in the tag file: 10
	Total of skipped opinions: 1
	Total of opinion triples generated: 11
Processing  german00074_7b5f0762d79e3a642bd7daf8032ff65a
	Total of opinions with different scope in the tag file: 10
	Total of skipped opinions: 0
	Total of opinion triples generated: 15
Processing  german00116_7b0c20ef015083c81fbdf07fa4c94768
	Total of opinions with different scope in the tag file: 13
	Total of skipped opinions: 0
	Total of opinion triples generated: 16
Processing  german00131_90429e6708c58a232761e3bce9144ab5
	Total of opinions with different scope in the tag file: 6
	Total of skipped opinions: 0
	Total of opinion triples generated: 14
Processing  german00084_87f74632ce06c34635ce7e817a507fc1
	Total of opinions with different scope in the tag file: 8
	Total of skipped opinions: 0
	Total of opinion triples generated: 8
Processing  german00192_ce5e8a33da9ddaaf3d990e63a2a1db9d
	Total of opinions with different scope in the tag file: 7
	Total of skipped opinions: 0
	Total of opinion triples generated: 10
Processing  german00165_b22124a814f228927c52f6430bacd3a3
	Total of opinions with different scope in the tag file: 7
	Total of skipped opinions: 0
	Total of opinion triples generated: 7
Processing  german00173_bcd4e5686d1dc66137cc8f38c2695712
	Total of opinions with different scope in the tag file: 6
	Total of skipped opinions: 0
	Total of opinion triples generated: 8
Processing  german00080_55bb22e61eebf171d70a50dfea2ab9d3
	Total of opinions with different scope in the tag file: 10
	Total of skipped opinions: 0
	Total of opinion triples generated: 11
Processing  german00125_d9422dd6bb8ef3c96a8aec143ac50a52
	Total of opinions with different scope in the tag file: 6
	Total of skipped opinions: 0
	Total of opinion triples generated: 8
Processing  german00120_825e6ae0fb7763d06503979c9303e7b8
	Total of opinions with different scope in the tag file: 12
	Total of skipped opinions: 0
	Total of opinion triples generated: 16
Processing  german00127_dbcbeabc8660733d28fb8e66bbf9dcfc
	Total of opinions with different scope in the tag file: 5
	Total of skipped opinions: 0
	Total of opinion triples generated: 7
Processing  german00087_5cd1690bf39d4c2a0a5358d8a982d510
	Total of opinions with different scope in the tag file: 15
	Total of skipped opinions: 0
	Total of opinion triples generated: 15
Processing  german00078_5483a776f67a0c2e9794be808acc895c
	Total of opinions with different scope in the tag file: 5
	Total of skipped opinions: 0
	Total of opinion triples generated: 6
Processing  german00008_0b875f3d634ac079ea5e890967967385
	Total of opinions with different scope in the tag file: 5
	Total of skipped opinions: 0
	Total of opinion triples generated: 7
Processing  german00182_c64cf2f3635ebb26aaf07c6f96fc4b79
	Total of opinions with different scope in the tag file: 10
	Total of skipped opinions: 0
	Total of opinion triples generated: 16
Processing  german00175_bf09133878030fb70677b823d5371d72
	Total of opinions with different scope in the tag file: 12
	Total of skipped opinions: 0
	Total of opinion triples generated: 16
Processing  german00092_93197a280ab4891b1e7068030a83de14
	Total of opinions with different scope in the tag file: 5
	Total of skipped opinions: 0
	Total of opinion triples generated: 8
Processing  german00039_2ef3766ad6a799cf64d4bea2a163542e
	Total of opinions with different scope in the tag file: 14
	Total of skipped opinions: 0
	Total of opinion triples generated: 18
Processing  german00055_5802057dda67e3134963ced43cb1f876
	Total of opinions with different scope in the tag file: 9
	Total of skipped opinions: 0
	Total of opinion triples generated: 11
Processing  german00078_8107dd7c3edff5f4b4b8a6d5932e1fcd
	Total of opinions with different scope in the tag file: 7
	Total of skipped opinions: 0
	Total of opinion triples generated: 10
Processing  german00214_e99a401b13c9c26218bebf87a43ca639
	Total of opinions with different scope in the tag file: 15
	Total of skipped opinions: 0
	Total of opinion triples generated: 19
Processing  german00203_e0a107904929d20e9bb6e076dff819a6
	Total of opinions with different scope in the tag file: 6
	Total of skipped opinions: 0
	Total of opinion triples generated: 8
Processing  german00147_fb94186e21af0e9a1cf21f39b10e1875
	Total of opinions with different scope in the tag file: 10
	Total of skipped opinions: 0
	Total of opinion triples generated: 13
Processing  german00028_2b87a01d7a66d7b903a5eb07e9c57258
	Total of opinions with different scope in the tag file: 3
	Total of skipped opinions: 0
	Total of opinion triples generated: 3
Processing  german00050_53171d8e50b91de1afdceb9a44a2bf37
	Total of opinions with different scope in the tag file: 11
	Total of skipped opinions: 0
	Total of opinion triples generated: 11
Processing  german00149_fc782d740322f7f851c88947d62d7f55
	Total of opinions with different scope in the tag file: 5
	Total of skipped opinions: 0
	Total of opinion triples generated: 6
Processing  german00201_dc50e1a0c6b767f09905d4eee5e58551
	Total of opinions with different scope in the tag file: 7
	Total of skipped opinions: 0
	Total of opinion triples generated: 8
Processing  german00073_7b4497e8a776eea1f3fbc4794d43428f
	Total of opinions with different scope in the tag file: 7
	Total of skipped opinions: 0
	Total of opinion triples generated: 9
Processing  german00062_69f5e7f5ccb947c598b1c70b14fe4c2d
	Total of opinions with different scope in the tag file: 4
	Total of skipped opinions: 0
	Total of opinion triples generated: 6
Processing  german00066_6eb6f84e66063ab3a126c0897277dcfd
	Total of opinions with different scope in the tag file: 6
	Total of skipped opinions: 0
	Total of opinion triples generated: 9
Processing  german00057_40701641fe3c923b3234a99d36cf7e7f
	Total of opinions with different scope in the tag file: 14
	Total of skipped opinions: 0
	Total of opinion triples generated: 22
Processing  german00093_93b5e43c7018eb908fd8a21df36e76ef
	Total of opinions with different scope in the tag file: 6
	Total of skipped opinions: 0
	Total of opinion triples generated: 9
Processing  german00020_17ad1c7477a50793c2ea2a890cc60064
	Discarded  	/home/izquierdo/data/opinion_annotations_de/tag/hotel/german00020_17ad1c7477a50793c2ea2a890cc60064.tag opinion id:11
		none    	Für
		OpinionTarget	Geschäftsreise
		Positive	ganz
		Positive	gut
		none    	,
		none    	für
		OpinionTarget	den
		OpinionTarget	Urlaub
		none    	würde
		OpinionHolder	ich
		Negative	dieses
		Negative	Hotel
		Negative	nicht
		Negative	buchen
		none    	.

	Discarded  	/home/izquierdo/data/opinion_annotations_de/tag/hotel/german00020_17ad1c7477a50793c2ea2a890cc60064.tag opinion id:27
		OpinionTarget	Geschäftsreise
		none    	=
		Positive	ja
		none    	,
		OpinionTarget	Urlaub
		none    	=
		Negative	nein

	Discarded  	/home/izquierdo/data/opinion_annotations_de/tag/hotel/german00020_17ad1c7477a50793c2ea2a890cc60064.tag opinion id:37
		OpinionHolder	Man
		Negative	sieht
		none    	dem
		OpinionTarget	Hotel
		Negative	an
		none    	,
		Negative	dass
		Negative	es
		Negative	in
		Negative	die
		Negative	Jahre
		Negative	gekommen
		Negative	ist
		none    	,
		Negative	kein
		Negative	Vergleich
		none    	zu
		OpinionTarget	sonstigen
		OpinionTarget	Hotels
		none    	,
		Negative	die
		Negative	moderner
		none    	,
		Negative	sauberer
		none    	als
		Negative	auch
		Negative	zentraler
		none    	am
		none    	Strip
		Negative	liegen

	Total of opinions with different scope in the tag file: 9
	Total of skipped opinions: 3
	Total of opinion triples generated: 7
Processing  german00015_108d158272f92a0144d0e4dff5206c3e
	Total of opinions with different scope in the tag file: 3
	Total of skipped opinions: 0
	Total of opinion triples generated: 6
Processing  german00140_96259d3eb3ba115c2df2aca48425b8bb
	Total of opinions with different scope in the tag file: 8
	Total of skipped opinions: 0
	Total of opinion triples generated: 9
Processing  german00032_3a2ae6cd657ac5a31396586252f1e5ce
	Total of opinions with different scope in the tag file: 14
	Total of skipped opinions: 0
	Total of opinion triples generated: 19
Processing  german00044_4a2a8ee734956c770e1b205ab4d673b4
	Total of opinions with different scope in the tag file: 5
	Total of skipped opinions: 0
	Total of opinion triples generated: 8
Processing  german00202_dcc40089a37945885846108cded60a9a
	Total of opinions with different scope in the tag file: 14
	Total of skipped opinions: 0
	Total of opinion triples generated: 15
Processing  german00122_d68372fbb39324c8e6153b03f120e436
	Total of opinions with different scope in the tag file: 14
	Total of skipped opinions: 0
	Total of opinion triples generated: 17
Processing  german00123_84ac2334234e7f45ebe443c870208021
	Total of opinions with different scope in the tag file: 9
	Total of skipped opinions: 0
	Total of opinion triples generated: 10
Processing  german00143_f6eafc1bee0f065d146faed6d61017fc
	Total of opinions with different scope in the tag file: 5
	Total of skipped opinions: 0
	Total of opinion triples generated: 13
Processing  german00077_537323f83c1557dd946232148deaf48d
	Total of opinions with different scope in the tag file: 5
	Total of skipped opinions: 0
	Total of opinion triples generated: 7
Processing  german00117_7ec95ad8cb14f84f8d1331701e569824
	Total of opinions with different scope in the tag file: 9
	Total of skipped opinions: 0
	Total of opinion triples generated: 13
Processing  german00036_3c3a6d8f74f6121516fb18568287028b
	Total of opinions with different scope in the tag file: 3
	Total of skipped opinions: 0
	Total of opinion triples generated: 4
Processing  german00169_b67ea58987a0debfd15a4047461438d1
	Total of opinions with different scope in the tag file: 8
	Total of skipped opinions: 0
	Total of opinion triples generated: 16
Processing  german00113_c1c8ab5988d78dbca3263ff099ba85bc
	Total of opinions with different scope in the tag file: 7
	Total of skipped opinions: 0
	Total of opinion triples generated: 8
Processing  german00056_5846d462805e67372fd0b7fc8f8f9b7d
	Total of opinions with different scope in the tag file: 3
	Total of skipped opinions: 0
	Total of opinion triples generated: 3
Processing  german00010_159a86f1640afcf84d2627853d9f4060
	Total of opinions with different scope in the tag file: 5
	Total of skipped opinions: 0
	Total of opinion triples generated: 5
Processing  german00118_7f8e27c2a6fed3d13b8547e529d8e971
	Total of opinions with different scope in the tag file: 8
	Total of skipped opinions: 0
	Total of opinion triples generated: 10
Processing  german00154_ffa50e6a844f65dc40c506b1d182b222
	Total of opinions with different scope in the tag file: 7
	Total of skipped opinions: 0
	Total of opinion triples generated: 7
Processing  german00139_f4bd81ff915a7dba164d2ae778b27080
	Total of opinions with different scope in the tag file: 15
	Total of skipped opinions: 0
	Total of opinion triples generated: 17
Processing  german00033_274c4e1218ce7ddd6486f3ad50402785
	Discarded  	/home/izquierdo/data/opinion_annotations_de/tag/hotel/german00033_274c4e1218ce7ddd6486f3ad50402785.tag opinion id:11
		OpinionTarget	Mein
		OpinionTarget	Zimmer
		none    	(
		none    	Doppelzimmer
		none    	)
		none    	war
		StrongPositive	sehr
		StrongPositive	gemütlich
		none    	,
		OpinionTarget	das
		OpinionTarget	Badezimmer
		Positive	hell
		none    	und
		Positive	sauber
		none    	.

	Total of opinions with different scope in the tag file: 5
	Total of skipped opinions: 1
	Total of opinion triples generated: 6
Processing  german00122_8386187ffb15ca3fa40663a2a8fde648
	Total of opinions with different scope in the tag file: 13
	Total of skipped opinions: 0
	Total of opinion triples generated: 16
Processing  german00040_309267bc15d259bd81d91bf5d863baa1
	Total of opinions with different scope in the tag file: 13
	Total of skipped opinions: 0
	Total of opinion triples generated: 15
Processing  german00048_526cefb234d9123b6e88cbd6275e5e28
	Discarded  	/home/izquierdo/data/opinion_annotations_de/tag/hotel/german00048_526cefb234d9123b6e88cbd6275e5e28.tag opinion id:34
		OpinionHolder	Wir
		none    	haben
		OpinionHolder	uns
		StrongPositive	einfach
		StrongPositive	nur
		StrongPositive	pudelwohl
		StrongPositive	gefühlt
		none    	und
		OpinionHolder	uns
		StrongPositive	richtig
		StrongPositive	gut
		StrongPositive	entspannt.Und

	Total of opinions with different scope in the tag file: 8
	Total of skipped opinions: 1
	Total of opinion triples generated: 11
Processing  german00188_cc45415dfdf4617ed3359beb91dadf3c
	Total of opinions with different scope in the tag file: 9
	Total of skipped opinions: 0
	Total of opinion triples generated: 15
Processing  german00006_0e1bbc08433073ae12bb8136fd5caa7b
	Total of opinions with different scope in the tag file: 4
	Total of skipped opinions: 0
	Total of opinion triples generated: 8
Processing  german00104_6cddcba8b22d2e5f09762c7f7209321f
	Total of opinions with different scope in the tag file: 6
	Total of skipped opinions: 0
	Total of opinion triples generated: 10
Processing  german00061_4280cba4ff560c0efbca901877566fbb
	Discarded  	/home/izquierdo/data/opinion_annotations_de/tag/hotel/german00061_4280cba4ff560c0efbca901877566fbb.tag opinion id:20
		OpinionTarget	Essen
		Negative	mehrmals
		Negative	unzumutbar
		none    	,
		OpinionTarget	da
		OpinionTarget	Hauptspeisen
		StrongNegative	immer
		StrongNegative	kalt
		none    	waren
		none    	und

	Discarded  	/home/izquierdo/data/opinion_annotations_de/tag/hotel/german00061_4280cba4ff560c0efbca901877566fbb.tag opinion id:54
		OpinionTarget	EDV
		none    	war
		StrongPositive	ständig
		StrongPositive	defekt
		none    	,
		none    	daher
		Negative	große
		OpinionTarget	Abrechnungsschwierigkeiten
		none    	·
		StrongNegative	sehr
		StrongNegative	ungenau

	Total of opinions with different scope in the tag file: 15
	Total of skipped opinions: 2
	Total of opinion triples generated: 13
Processing  german00076_7f4f6d935bea54c4d720f6ff2b934ef8
	Total of opinions with different scope in the tag file: 3
	Total of skipped opinions: 0
	Total of opinion triples generated: 5
Processing  german00130_8f6227fee47bc677e4a4ff7527140066
	Total of opinions with different scope in the tag file: 6
	Total of skipped opinions: 0
	Total of opinion triples generated: 9
Processing  german00224_f63e7ef80cd431bef4d11a3b09c31ea9
	Total of opinions with different scope in the tag file: 14
	Total of skipped opinions: 0
	Total of opinion triples generated: 19
Processing  german00037_3eb7de8425275dca8e0ce7fd1188b134
	Total of opinions with different scope in the tag file: 7
	Total of skipped opinions: 0
	Total of opinion triples generated: 10
Processing  german00036_2b19ffcc12813045ab13742ecec2105e
	Total of opinions with different scope in the tag file: 10
	Total of skipped opinions: 0
	Total of opinion triples generated: 17
Processing  german00086_5caf584d539dabcabd7bf9ac98ab3cdb
	Total of opinions with different scope in the tag file: 12
	Total of skipped opinions: 0
	Total of opinion triples generated: 15
Processing  german00190_cde9e62fead368f0c204301aaf39d762
	Total of opinions with different scope in the tag file: 14
	Total of skipped opinions: 0
	Total of opinion triples generated: 20
Processing  german00196_d51b4ad7fd6163bef2bae35996b47964
	Total of opinions with different scope in the tag file: 14
	Total of skipped opinions: 0
	Total of opinion triples generated: 19
Processing  german00063_6c03643dd7cd717e91d54bfaa39464f5
	Total of opinions with different scope in the tag file: 8
	Total of skipped opinions: 0
	Total of opinion triples generated: 14
Processing  german00206_e4fffe040285bd8edcaf10dd823ecff9
	Total of opinions with different scope in the tag file: 16
	Total of skipped opinions: 0
	Total of opinion triples generated: 17
Processing  german00097_a005f84cc528ac92ca8ba0bbd106625f
	Total of opinions with different scope in the tag file: 8
	Total of skipped opinions: 0
	Total of opinion triples generated: 13
Processing  german00057_587a0fab0f49fab5b83c2d87d34e5ebf
	Discarded  	/home/izquierdo/data/opinion_annotations_de/tag/hotel/german00057_587a0fab0f49fab5b83c2d87d34e5ebf.tag opinion id:13
		OpinionTarget	Das
		OpinionTarget	Hotel
		none    	machte
		none    	sofort
		none    	einen
		Positive	sauberen
		none    	und
		Positive	großzügigen
		OpinionTarget	Eindruck

	Total of opinions with different scope in the tag file: 6
	Total of skipped opinions: 1
	Total of opinion triples generated: 6
Processing  german00126_dbc7754091c8a59c6e9210da230d2355
	Discarded  	/home/izquierdo/data/opinion_annotations_de/tag/hotel/german00126_dbc7754091c8a59c6e9210da230d2355.tag opinion id:7
		OpinionTarget	Bei
		OpinionTarget	diesem
		OpinionTarget	Hotel
		Positive	stimmte
		Positive	alles
		none    	,
		OpinionTarget	Einrichtung
		none    	,
		OpinionTarget	Personal
		none    	,
		Positive	Freundlichkeit
		none    	,
		OpinionTarget	Service

	Total of opinions with different scope in the tag file: 8
	Total of skipped opinions: 1
	Total of opinion triples generated: 8
Processing  german00229_fc421c63dcc6c6078cc158c247e0b466
	Total of opinions with different scope in the tag file: 8
	Total of skipped opinions: 0
	Total of opinion triples generated: 8
Processing  german00062_4418aa49b16186a7b6cf1eda8117e24a
	Total of opinions with different scope in the tag file: 5
	Total of skipped opinions: 0
	Total of opinion triples generated: 10
Processing  german00137_939a4feea19e177e3f0a2a3cd3f66f6d
	Total of opinions with different scope in the tag file: 14
	Total of skipped opinions: 0
	Total of opinion triples generated: 18
Processing  german00126_88c3d63555644758490925709c677237
	Total of opinions with different scope in the tag file: 14
	Total of skipped opinions: 0
	Total of opinion triples generated: 16
Processing  german00141_99af3079d990f969c344dbcca4553b1a
	Total of opinions with different scope in the tag file: 8
	Total of skipped opinions: 0
	Total of opinion triples generated: 10
Processing  german00015_19624bc00e88d4441875fb1c252b7370
	Total of opinions with different scope in the tag file: 7
	Total of skipped opinions: 0
	Total of opinion triples generated: 9
Processing  german00051_53f283d8fed59acf37bd7141cf15c7f6
	Total of opinions with different scope in the tag file: 5
	Total of skipped opinions: 0
	Total of opinion triples generated: 8
Processing  german00118_cac99204e8fafe45d76e60a7943edb2c
	Total of opinions with different scope in the tag file: 5
	Total of skipped opinions: 0
	Total of opinion triples generated: 5
Processing  german00037_2bad0f10438782c6f3861d9e22d5ff5d
	Total of opinions with different scope in the tag file: 5
	Total of skipped opinions: 0
	Total of opinion triples generated: 8
Processing  german00068_6f4677b16a2b29bdcd2421eccef2b2c1
	Total of opinions with different scope in the tag file: 9
	Total of skipped opinions: 0
	Total of opinion triples generated: 13
Processing  german00119_809ce7ba04c13a2904b5bc291ac36e60
	Total of opinions with different scope in the tag file: 13
	Total of skipped opinions: 0
	Total of opinion triples generated: 21
Processing  german00124_d86004ce75f853d5bdc644a7a8413e19
	Total of opinions with different scope in the tag file: 14
	Total of skipped opinions: 0
	Total of opinion triples generated: 22
Processing  german00219_f2ae8b8a8f11723464f770ca19f776d6
	Total of opinions with different scope in the tag file: 8
	Total of skipped opinions: 0
	Total of opinion triples generated: 8
Processing  german00050_3c29d3120321f1bb6e8ba3e41777b315
	Discarded  	/home/izquierdo/data/opinion_annotations_de/tag/hotel/german00050_3c29d3120321f1bb6e8ba3e41777b315.tag opinion id:34
		Negative	Bin
		Negative	froh
		Negative	,
		Negative	daß
		OpinionHolder	wir
		Negative	nur
		Negative	2
		Negative	Tage
		Negative	gebucht
		Negative	hatten
		none    	,
		Negative	länger
		Negative	wäre
		OpinionHolder	meinem
		Negative	Körper
		Negative	nicht
		Negative	zuzumuten
		Negative	gewesen

	Total of opinions with different scope in the tag file: 7
	Total of skipped opinions: 1
	Total of opinion triples generated: 8
Processing  german00054_3dc12b2faf00803d280f15bfae11bc7c
	Discarded  	/home/izquierdo/data/opinion_annotations_de/tag/hotel/german00054_3dc12b2faf00803d280f15bfae11bc7c.tag opinion id:7
		Positive	Für
		Positive	eine
		Positive	Geschäftsreise
		none    	ist
		OpinionTarget	das
		OpinionTarget	Hotel
		Positive	ok
		none    	,
		none    	da
		OpinionTarget	es
		none    	sich
		Positive	direkt
		Positive	am
		Positive	Plaza
		Positive	Espana
		Positive	befindet

	Total of opinions with different scope in the tag file: 8
	Total of skipped opinions: 1
	Total of opinion triples generated: 12
Processing  german00053_5576cb6ca74c56e2c0662c7d26a3b97a
	Total of opinions with different scope in the tag file: 5
	Total of skipped opinions: 0
	Total of opinion triples generated: 6
Processing  german00009_1506b5b1c5f41803615f43342f8caec6
	Total of opinions with different scope in the tag file: 9
	Total of skipped opinions: 0
	Total of opinion triples generated: 11
Processing  german00107_b4df014d952558eb35b5a3c8faaa9443
	Total of opinions with different scope in the tag file: 6
	Total of skipped opinions: 0
	Total of opinion triples generated: 9
Processing  german00029_2c3a1020f5a1b1362276eda75190aad0
	Total of opinions with different scope in the tag file: 6
	Total of skipped opinions: 0
	Total of opinion triples generated: 7
Processing  german00059_5b3b32693f8fca26ff4d647c1a85b289
	Total of opinions with different scope in the tag file: 8
	Total of skipped opinions: 0
	Total of opinion triples generated: 11
Processing  german00128_8e568749cde3751803a3edf462adad92
	Total of opinions with different scope in the tag file: 15
	Total of skipped opinions: 0
	Total of opinion triples generated: 18
Processing  german00098_a13d5f762103d6b6b04fdc3e9a0e2021
	Total of opinions with different scope in the tag file: 17
	Total of skipped opinions: 0
	Total of opinion triples generated: 24
Processing  german00100_a41485c13c6bc6ff6c1d370b0d6be48f
	Total of opinions with different scope in the tag file: 4
	Total of skipped opinions: 0
	Total of opinion triples generated: 6
Processing  german00091_5fb7b93c5b0b71382ea6572dcbf2f9e4
	Total of opinions with different scope in the tag file: 9
	Total of skipped opinions: 0
	Total of opinion triples generated: 11
Processing  german00132_e893f03f8336d4cafecae83249b8c017
	Discarded  	/home/izquierdo/data/opinion_annotations_de/tag/hotel/german00132_e893f03f8336d4cafecae83249b8c017.tag opinion id:40
		OpinionHolder	Ich
		none    	war
		Positive	froh
		none    	,
		none    	dass
		OpinionHolder	ich
		Negative	nur
		Negative	1
		Negative	Nacht
		Negative	blieb

	Total of opinions with different scope in the tag file: 9
	Total of skipped opinions: 1
	Total of opinion triples generated: 11
Processing  german00148_9fab55b9e821ca35601c136121b25784
	Total of opinions with different scope in the tag file: 11
	Total of skipped opinions: 0
	Total of opinion triples generated: 18
Processing  german00011_0e0da1c593aabbfe7282aec6e1fc1b4a
	Discarded  	/home/izquierdo/data/opinion_annotations_de/tag/hotel/german00011_0e0da1c593aabbfe7282aec6e1fc1b4a.tag opinion id:13
		none    	Eine
		StrongPositive	wunderschöne
		OpinionTarget	Anlage
		none    	mit
		StrongPositive	traumhaft
		StrongPositive	gepflegtem
		OpinionTarget	Garten

	Discarded  	/home/izquierdo/data/opinion_annotations_de/tag/hotel/german00011_0e0da1c593aabbfe7282aec6e1fc1b4a.tag opinion id:7
		Positive	Toller
		OpinionTarget	Urlaub
		none    	,
		Positive	tolles
		OpinionTarget	Hotel
		none    	,
		Positive	toller
		OpinionTarget	Service

	Total of opinions with different scope in the tag file: 8
	Total of skipped opinions: 2
	Total of opinion triples generated: 10
Processing  german00199_da9d3d4d0ece388ba54137d52c90fdce
	Total of opinions with different scope in the tag file: 11
	Total of skipped opinions: 0
	Total of opinion triples generated: 12
Processing  german00145_f89f857f52f809591495caa8b887826e
	Total of opinions with different scope in the tag file: 5
	Total of skipped opinions: 0
	Total of opinion triples generated: 10
Processing  german00109_7150a8c4cc26d6cb519d259a1931ca79
	Total of opinions with different scope in the tag file: 6
	Total of skipped opinions: 0
	Total of opinion triples generated: 6
Processing  german00052_5485e79f0b046eb244e8ea206134db53
	Total of opinions with different scope in the tag file: 9
	Total of skipped opinions: 0
	Total of opinion triples generated: 10
Processing  german00001_00a8a1ebdb12e036ecb44f56b4d8c06f
	Total of opinions with different scope in the tag file: 7
	Total of skipped opinions: 0
	Total of opinion triples generated: 10
Processing  german00207_e5779ac78386d26f18779ccd23683cdd
	Total of opinions with different scope in the tag file: 16
	Total of skipped opinions: 0
	Total of opinion triples generated: 20
Processing  german00156_a7c3e12bcfd45e871d65ae65b48909c0
	Total of opinions with different scope in the tag file: 12
	Total of skipped opinions: 0
	Total of opinion triples generated: 15
Processing  german00157_a807f4ad1b870c517093db88f3b73255
	Total of opinions with different scope in the tag file: 6
	Total of skipped opinions: 0
	Total of opinion triples generated: 8
Processing  german00217_ec35eb450ee8626c5da9dd246690541d
	Total of opinions with different scope in the tag file: 3
	Total of skipped opinions: 0
	Total of opinion triples generated: 4
Processing  german00046_374a43b0053e825e54b01f51c194a7dc
	Discarded  	/home/izquierdo/data/opinion_annotations_de/tag/hotel/german00046_374a43b0053e825e54b01f51c194a7dc.tag opinion id:40
		Positive	Danke
		Positive	nochmal
		Positive	an
		OpinionTarget	Momo
		none    	,
		OpinionTarget	Chiko
		none    	,
		OpinionTarget	Koko
		none    	,
		OpinionTarget	DJ
		OpinionTarget	Abdo
		none    	für
		none    	die
		Positive	gute
		Positive	Stimmung

	Total of opinions with different scope in the tag file: 11
	Total of skipped opinions: 1
	Total of opinion triples generated: 11
Processing  german00205_e4bb3405a8655501d8de83e34d8147b5
	Total of opinions with different scope in the tag file: 16
	Total of skipped opinions: 0
	Total of opinion triples generated: 18
Processing  german00174_bd6903aeb0fa55aa951fdd4061e88b6f
	Total of opinions with different scope in the tag file: 6
	Total of skipped opinions: 0
	Total of opinion triples generated: 7
Processing  german00043_47660d8d63c1bfb73598fa04d66fffdd
	Total of opinions with different scope in the tag file: 7
	Total of skipped opinions: 0
	Total of opinion triples generated: 10
Processing  german00071_4c6c518d8e13ad9d694d73ba065433d1
	Discarded  	/home/izquierdo/data/opinion_annotations_de/tag/hotel/german00071_4c6c518d8e13ad9d694d73ba065433d1.tag opinion id:13
		none    	Ein
		StrongNegative	völlig
		StrongNegative	abgewohnte
		OpinionTarget	Hotel
		none    	mit
		StrongNegative	winziges
		OpinionTarget	Zimmern

	Total of opinions with different scope in the tag file: 6
	Total of skipped opinions: 1
	Total of opinion triples generated: 7
Processing  german00040_42193255affb2199173085445e35ee0b
	 TAG file not found on  /home/izquierdo/data/opinion_annotations_de/tag/hotel/german00040_42193255affb2199173085445e35ee0b.tag
Processing  german00221_f4c1faf9e2515ef75ae200bb9bc1a367
	Total of opinions with different scope in the tag file: 6
	Total of skipped opinions: 0
	Total of opinion triples generated: 9
Processing  german00023_23ec6a02b30d85da54d0fdaa6e1ebd25
	Total of opinions with different scope in the tag file: 6
	Total of skipped opinions: 0
	Total of opinion triples generated: 5
Processing  german00148_fbe288dcff629f0a733901fc8d7cf991
	Total of opinions with different scope in the tag file: 8
	Total of skipped opinions: 0
	Total of opinion triples generated: 8
Processing  german00002_016e55d67e207b0300dc53ae96d69018
	Discarded  	/home/izquierdo/data/opinion_annotations_de/tag/hotel/german00002_016e55d67e207b0300dc53ae96d69018.tag opinion id:36
		Negative	Nur
		OpinionTarget	ein
		OpinionTarget	Stuhl
		none    	,
		none    	Minibar
		none    	,
		OpinionTarget	Schreibtisch
		Negative	von
		Negative	Fernseher
		Negative	blockiert
		none    	,
		none    	großer
		none    	Kleiderschrank

	Discarded  	/home/izquierdo/data/opinion_annotations_de/tag/hotel/german00002_016e55d67e207b0300dc53ae96d69018.tag opinion id:35
		OpinionTarget	Hotel
		StrongPositive	sehr
		StrongPositive	sauber
		none    	,
		OpinionTarget	Zimmer
		StrongPositive	sehr
		StrongPositive	sauber
		none    	,
		Negative	trotzdem
		Negative	leichte
		Negative	Schimmelspuren
		Negative	in
		none    	der
		OpinionTarget	Dusche

	Total of opinions with different scope in the tag file: 3
	Total of skipped opinions: 2
	Total of opinion triples generated: 1
Processing  german00023_1f1e913305b01ccc25bf545030d5b88a
	Total of opinions with different scope in the tag file: 5
	Total of skipped opinions: 0
	Total of opinion triples generated: 9
Processing  german00059_40f762312e53b0d6c72515355dfe89b0
	Total of opinions with different scope in the tag file: 8
	Total of skipped opinions: 0
	Total of opinion triples generated: 12
Processing  german00130_e596ededffc0cd73bbc84e5134c597f2
	Discarded  	/home/izquierdo/data/opinion_annotations_de/tag/hotel/german00130_e596ededffc0cd73bbc84e5134c597f2.tag opinion id:10
		OpinionTarget	Das
		OpinionTarget	Diagonal
		OpinionTarget	Port
		none    	ist
		Positive	ein
		Positive	typisches
		none    	und
		Positive	überschaubares
		OpinionTarget	Stadthotel

	Total of opinions with different scope in the tag file: 8
	Total of skipped opinions: 1
	Total of opinion triples generated: 13
Processing  german00133_ea7ee29657b2010d41a9382ff214a60e
	Total of opinions with different scope in the tag file: 14
	Total of skipped opinions: 0
	Total of opinion triples generated: 22
Processing  german00191_ce328e0df92045c1f9bcafc129397dd8
	Total of opinions with different scope in the tag file: 10
	Total of skipped opinions: 0
	Total of opinion triples generated: 13
Processing  german00026_2196b55a4b5f31dc4bf9f9ea46e72f90
	Discarded  	/home/izquierdo/data/opinion_annotations_de/tag/hotel/german00026_2196b55a4b5f31dc4bf9f9ea46e72f90.tag opinion id:13
		OpinionTarget	Alles
		none    	war
		StrongPositive	sehr
		StrongPositive	sauber
		none    	und
		StrongPositive	gepflegt
		none    	,
		none    	sowhl
		OpinionTarget	die
		OpinionTarget	Gebäude
		OpinionTarget	als
		OpinionTarget	auch
		OpinionTarget	die
		OpinionTarget	sehr
		OpinionTarget	weitläufige
		OpinionTarget	Grünanlage

	Total of opinions with different scope in the tag file: 5
	Total of skipped opinions: 1
	Total of opinion triples generated: 4
Processing  german00146_9f2fd1c7c581ce4ee7f5dd5f378ac061
	Total of opinions with different scope in the tag file: 8
	Total of skipped opinions: 0
	Total of opinion triples generated: 10
Processing  german00186_ca0d6488fadb653594ba791b37d26866
	Total of opinions with different scope in the tag file: 20
	Total of skipped opinions: 0
	Total of opinion triples generated: 30
Processing  german00085_884e5d06decdfc3a8294c5b287514f03
	Total of opinions with different scope in the tag file: 6
	Total of skipped opinions: 0
	Total of opinion triples generated: 7
Processing  german00139_94f173f732e7725decf5e5941875b604
	Total of opinions with different scope in the tag file: 5
	Total of skipped opinions: 0
	Total of opinion triples generated: 8
Processing  german00112_7944de52883239e099004610b8aa34f6
	Total of opinions with different scope in the tag file: 5
	Total of skipped opinions: 0
	Total of opinion triples generated: 10
Processing  german00108_70139d694995eda3585606407937fc63
	Total of opinions with different scope in the tag file: 11
	Total of skipped opinions: 0
	Total of opinion triples generated: 15
Processing  german00089_5de8fa56d233a712f21f4f910a926adf
	Total of opinions with different scope in the tag file: 9
	Total of skipped opinions: 0
	Total of opinion triples generated: 12
Processing  german00004_0a248acdd925badc0e15064c465af5c6
	Total of opinions with different scope in the tag file: 10
	Total of skipped opinions: 0
	Total of opinion triples generated: 14
Processing  german00152_fe558a368576f8c582968d5ab74d17f6
	Total of opinions with different scope in the tag file: 4
	Total of skipped opinions: 0
	Total of opinion triples generated: 8
Processing  german00226_f80f8548972b33b4cf634bd3822242ee
	Total of opinions with different scope in the tag file: 10
	Total of skipped opinions: 0
	Total of opinion triples generated: 11
Processing  german00138_f2aef8222cb791b8b673d7e56ad41c9d
	Total of opinions with different scope in the tag file: 13
	Total of skipped opinions: 0
	Total of opinion triples generated: 17
Processing  german00151_fe09c5c0fce6f9d3765ca6b76b0b9a76
	Total of opinions with different scope in the tag file: 7
	Total of skipped opinions: 0
	Total of opinion triples generated: 10
Processing  german00017_13314901b46e7f6f1a14ac88ad63703b
	Discarded  	/home/izquierdo/data/opinion_annotations_de/tag/hotel/german00017_13314901b46e7f6f1a14ac88ad63703b.tag opinion id:13
		none    	Obwohl
		none    	ein
		OpinionTarget	Deluxe
		none    	gebucht
		none    	,
		StrongNegative	ein
		StrongNegative	sehr
		StrongNegative	kleines
		OpinionTarget	Zimmer
		Negative	zur
		Negative	Strassenseite
		Negative	erhalten

	Discarded  	/home/izquierdo/data/opinion_annotations_de/tag/hotel/german00017_13314901b46e7f6f1a14ac88ad63703b.tag opinion id:37
		Negative	Alte
		OpinionTarget	Garderobenschränke
		none    	,
		Negative	keine
		OpinionTarget	Ablagefläche
		none    	,
		none    	ausser
		Negative	einem
		Negative	unscheinbaren
		OpinionTarget	Tisch

	Total of opinions with different scope in the tag file: 11
	Total of skipped opinions: 2
	Total of opinion triples generated: 12
Processing  german00194_d378d76beee3d1e0886a0fe08b6a6335
	Total of opinions with different scope in the tag file: 14
	Total of skipped opinions: 0
	Total of opinion triples generated: 20
Processing  german00094_959376a06f602f272b764939d40f27ee
	Total of opinions with different scope in the tag file: 7
	Total of skipped opinions: 0
	Total of opinion triples generated: 9
Processing  german00082_570f8a9b1ce298c92658c947bd43f395
	Total of opinions with different scope in the tag file: 2
	Total of skipped opinions: 0
	Total of opinion triples generated: 4
Processing  german00007_082d1ba243bc86e8ee9f318a8846eec8
	Total of opinions with different scope in the tag file: 10
	Total of skipped opinions: 0
	Total of opinion triples generated: 10
Processing  german00093_63839a12811da097948568e036c71bd1
	Total of opinions with different scope in the tag file: 9
	Total of skipped opinions: 0
	Total of opinion triples generated: 18
Processing  german00041_3178b79d7e5cb83b261dfc6c39ed0c04
	Total of opinions with different scope in the tag file: 6
	Total of skipped opinions: 0
	Total of opinion triples generated: 11
Processing  german00049_3bf117674d02131637cfdc922066c3ad
	Total of opinions with different scope in the tag file: 12
	Total of skipped opinions: 0
	Total of opinion triples generated: 15
Processing  german00163_af8c7a6b5a461fa41cdd7fb1438d2ef8
	Total of opinions with different scope in the tag file: 10
	Total of skipped opinions: 0
	Total of opinion triples generated: 12
Processing  german00038_2d2d1f1befcdd69cd831ebed6ff638d6
	Total of opinions with different scope in the tag file: 3
	Total of skipped opinions: 0
	Total of opinion triples generated: 3
Processing  german00172_bbe809a8d654cc9aae6fbca6906094c4
	Total of opinions with different scope in the tag file: 7
	Total of skipped opinions: 0
	Total of opinion triples generated: 12
Processing  german00086_888300f507f1f4f2e9c6139573de32dc
	Total of opinions with different scope in the tag file: 6
	Total of skipped opinions: 0
	Total of opinion triples generated: 6
Processing  german00104_afd05cf056082799baf2aa53ad8f1b60
	Total of opinions with different scope in the tag file: 7
	Total of skipped opinions: 0
	Total of opinion triples generated: 7
Processing  german00070_70734022f027c5a29b62c4be58ded35f
	Total of opinions with different scope in the tag file: 7
	Total of skipped opinions: 0
	Total of opinion triples generated: 8
Processing  german00109_b740881a71c06146fe3e30f3f57fc950
	Total of opinions with different scope in the tag file: 4
	Total of skipped opinions: 0
	Total of opinion triples generated: 5
Processing  german00003_060986300c47dbd936b0e6afbd88cb96
	Total of opinions with different scope in the tag file: 7
	Total of skipped opinions: 0
	Total of opinion triples generated: 9
Processing  german00047_4fba2e86af42d947b2e56516ea11a978
	Total of opinions with different scope in the tag file: 7
	Total of skipped opinions: 0
	Total of opinion triples generated: 10
Processing  german00193_ce88113bc96aa9cdc6c431c8bddfcc40
	Total of opinions with different scope in the tag file: 6
	Total of skipped opinions: 0
	Total of opinion triples generated: 8
Processing  german00007_10d92880aba2bdb7c10c55f8945ffacd
	Total of opinions with different scope in the tag file: 6
	Total of skipped opinions: 0
	Total of opinion triples generated: 8
Processing  german00167_b2b0931fbf2a0e885625b4efd9bd4a64
	Total of opinions with different scope in the tag file: 9
	Total of skipped opinions: 0
	Total of opinion triples generated: 11
Processing  german00018_14ce4cddfe85262bf83bb86d165f675a
	Total of opinions with different scope in the tag file: 7
	Total of skipped opinions: 0
	Total of opinion triples generated: 8
Processing  german00115_c7a3688bae860c2347e42af682c0bdb6
	Total of opinions with different scope in the tag file: 4
	Total of skipped opinions: 0
	Total of opinion triples generated: 6
Processing  german00094_654c93d3370f7cc8947783cc8d70b975
	Total of opinions with different scope in the tag file: 6
	Total of skipped opinions: 0
	Total of opinion triples generated: 7
Processing  german00072_4de9b40934bf0c66272a848c4619852f
	Total of opinions with different scope in the tag file: 7
	Total of skipped opinions: 0
	Total of opinion triples generated: 9
Processing  german00026_29f5ce0bf409650097f9285eec01a2ac
	Total of opinions with different scope in the tag file: 11
	Total of skipped opinions: 0
	Total of opinion triples generated: 15
Processing  german00065_6e28e7f824f97b3bb835516fbc2cc88e
	Total of opinions with different scope in the tag file: 6
	Total of skipped opinions: 0
	Total of opinion triples generated: 8
Processing  german00061_6662ad739f678279bf354c9532db813d
	Total of opinions with different scope in the tag file: 4
	Total of skipped opinions: 0
	Total of opinion triples generated: 5
Processing  german00140_f5f752779cfc3cf319b64a9ac26c7ff2
	Discarded  	/home/izquierdo/data/opinion_annotations_de/tag/hotel/german00140_f5f752779cfc3cf319b64a9ac26c7ff2.tag opinion id:25
		OpinionHolder	wir
		none    	aber
		Negative	so
		Negative	unzufrieden
		Negative	waren
		none    	haben
		OpinionHolder	wir
		Negative	diese
		Negative	verfallen
		Negative	lassen

	Total of opinions with different scope in the tag file: 6
	Total of skipped opinions: 1
	Total of opinion triples generated: 10
Processing  german00042_46ca3b4b49eef0bd6eee41f78b077671
	Discarded  	/home/izquierdo/data/opinion_annotations_de/tag/hotel/german00042_46ca3b4b49eef0bd6eee41f78b077671.tag opinion id:37
		StrongPositive	Vor
		StrongPositive	allen
		StrongPositive	Dingen
		none    	in
		OpinionTarget	der
		OpinionTarget	Bitstube
		none    	haben
		OpinionHolder	wir
		OpinionHolder	uns
		StrongPositive	sehr
		StrongPositive	wohl
		StrongPositive	gefühlt
		none    	und
		Positive	schöne
		Positive	Stunden
		Positive	verbracht

	Total of opinions with different scope in the tag file: 9
	Total of skipped opinions: 1
	Total of opinion triples generated: 15
Processing  german00083_5795b5475cd41d9cb2303ae53420b740
	Total of opinions with different scope in the tag file: 5
	Total of skipped opinions: 0
	Total of opinion triples generated: 5
Processing  german00102_6a75877b50df6ab5edb1cf6771be1634
	Total of opinions with different scope in the tag file: 5
	Total of skipped opinions: 0
	Total of opinion triples generated: 6
Processing  german00073_5005abb634d5dd7c4deda3258cb23487
	Total of opinions with different scope in the tag file: 10
	Total of skipped opinions: 0
	Total of opinion triples generated: 12
Processing  german00035_3b9a11eca34e75a4c3deaf6fb63d011c
	Discarded  	/home/izquierdo/data/opinion_annotations_de/tag/hotel/german00035_3b9a11eca34e75a4c3deaf6fb63d011c.tag opinion id:8
		none    	Da
		none    	es
		OpinionHolder	uns
		none    	im
		none    	letzten
		none    	Jahr
		StrongPositive	so
		StrongPositive	gut
		none    	dort
		StrongPositive	gefallen
		none    	hat
		none    	haben
		OpinionHolder	wir
		none    	beschlossen
		Positive	auch
		Positive	in
		Positive	diesem
		Positive	Jahr
		Positive	wieder
		Positive	dort
		Positive	Urlaub
		Positive	zu
		Positive	machen

	Total of opinions with different scope in the tag file: 7
	Total of skipped opinions: 1
	Total of opinion triples generated: 7
Processing  german00103_6b0e97536b3c7cd276df04fc9e02bee6
	Total of opinions with different scope in the tag file: 12
	Total of skipped opinions: 0
	Total of opinion triples generated: 16
Processing  german00144_f6ee50c3fe50e6804e7f113eabc4a6c2
	Total of opinions with different scope in the tag file: 10
	Total of skipped opinions: 0
	Total of opinion triples generated: 12
Processing  german00069_47a209145e5ec288dd35ff4c8e3f86ce
	Total of opinions with different scope in the tag file: 9
	Total of skipped opinions: 0
	Total of opinion triples generated: 12
Processing  german00076_52c19d0f92e22801b86f0cb9d3ac9edc
	Total of opinions with different scope in the tag file: 8
	Total of skipped opinions: 0
	Total of opinion triples generated: 10
Processing  german00079_81d58c67af7730cf53998cdd3bec3b56
	Total of opinions with different scope in the tag file: 2
	Total of skipped opinions: 0
	Total of opinion triples generated: 2
Processing  german00064_6c7cfc4a7f1445f8d6e46351f10e0bd5
	Total of opinions with different scope in the tag file: 5
	Total of skipped opinions: 0
	Total of opinion triples generated: 10
Processing  german00081_8463c9cb724f7704ed11ed41abd5ea67
	Total of opinions with different scope in the tag file: 7
	Total of skipped opinions: 0
	Total of opinion triples generated: 11
Processing  german00112_c03808d79a965f8b3afe1fe0634e0bf5
	Total of opinions with different scope in the tag file: 7
	Total of skipped opinions: 0
	Total of opinion triples generated: 11
Processing  german00052_3cbbbcd17305b52b294223d702edf09a
	Total of opinions with different scope in the tag file: 8
	Total of skipped opinions: 0
	Total of opinion triples generated: 18
Processing  german00170_b9298ee35637b521b2c36de959adf571
	Total of opinions with different scope in the tag file: 9
	Total of skipped opinions: 0
	Total of opinion triples generated: 12
Processing  german00105_b0cfbca7a9ab07d67e9c5da05f1a6984
	Total of opinions with different scope in the tag file: 9
	Total of skipped opinions: 0
	Total of opinion triples generated: 11
Processing  german00024_1f5cf726dfb8315d286d8878451f84bf
	Total of opinions with different scope in the tag file: 11
	Total of skipped opinions: 0
	Total of opinion triples generated: 11
Processing  german00003_04603dfe13953cb679fd3c03b10940c9
	Total of opinions with different scope in the tag file: 9
	Total of skipped opinions: 0
	Total of opinion triples generated: 10
Processing  german00171_baf6c6620e9a132a846b85eb07de40fa
	Total of opinions with different scope in the tag file: 9
	Total of skipped opinions: 0
	Total of opinion triples generated: 10

#########################
Total KAF files  384
Total TAG files  382
Total opinions-scope in tag 3141
Total skipped opinions 48
Total generated triples 4207
#########################

